[debug] [2026-02-26T10:46:11.363Z] ----------------------------------------------------------------------
[debug] [2026-02-26T10:46:11.368Z] Command:       C:\nvm4w\nodejs\node.exe C:\Users\Yasir\AppData\Roaming\npm\node_modules\firebase-tools\lib\bin\firebase.js deploy
[debug] [2026-02-26T10:46:11.369Z] CLI Version:   14.11.1
[debug] [2026-02-26T10:46:11.369Z] Platform:      win32
[debug] [2026-02-26T10:46:11.370Z] Node Version:  v22.20.0
[debug] [2026-02-26T10:46:11.370Z] Time:          Thu Feb 26 2026 15:46:11 GMT+0500 (Pakistan Standard Time)
[debug] [2026-02-26T10:46:11.370Z] ----------------------------------------------------------------------
[debug] 
[debug] [2026-02-26T10:46:11.690Z] > command requires scopes: ["email","openid","https://www.googleapis.com/auth/cloudplatformprojects.readonly","https://www.googleapis.com/auth/firebase","https://www.googleapis.com/auth/cloud-platform"]
[debug] [2026-02-26T10:46:11.690Z] > authorizing via signed-in user (368yasir@gmail.com)
[debug] [2026-02-26T10:46:11.691Z] [iam] checking project reportify-3adb0 for permissions ["firebase.projects.get","firebasehosting.sites.update"]
[debug] [2026-02-26T10:46:11.692Z] Checked if tokens are valid: true, expires at: 1772104293522
[debug] [2026-02-26T10:46:11.692Z] Checked if tokens are valid: true, expires at: 1772104293522
[debug] [2026-02-26T10:46:11.693Z] >>> [apiv2][query] POST https://cloudresourcemanager.googleapis.com/v1/projects/reportify-3adb0:testIamPermissions [none]
[debug] [2026-02-26T10:46:11.693Z] >>> [apiv2][(partial)header] POST https://cloudresourcemanager.googleapis.com/v1/projects/reportify-3adb0:testIamPermissions x-goog-quota-user=projects/reportify-3adb0
[debug] [2026-02-26T10:46:11.694Z] >>> [apiv2][body] POST https://cloudresourcemanager.googleapis.com/v1/projects/reportify-3adb0:testIamPermissions {"permissions":["firebase.projects.get","firebasehosting.sites.update"]}
[debug] [2026-02-26T10:46:13.271Z] <<< [apiv2][status] POST https://cloudresourcemanager.googleapis.com/v1/projects/reportify-3adb0:testIamPermissions 200
[debug] [2026-02-26T10:46:13.271Z] <<< [apiv2][body] POST https://cloudresourcemanager.googleapis.com/v1/projects/reportify-3adb0:testIamPermissions {"permissions":["firebase.projects.get","firebasehosting.sites.update"]}
[debug] [2026-02-26T10:46:13.273Z] Checked if tokens are valid: true, expires at: 1772104293522
[debug] [2026-02-26T10:46:13.273Z] Checked if tokens are valid: true, expires at: 1772104293522
[debug] [2026-02-26T10:46:13.273Z] >>> [apiv2][query] GET https://firebase.googleapis.com/v1beta1/projects/reportify-3adb0 [none]
[debug] [2026-02-26T10:46:13.952Z] <<< [apiv2][status] GET https://firebase.googleapis.com/v1beta1/projects/reportify-3adb0 200
[debug] [2026-02-26T10:46:13.952Z] <<< [apiv2][body] GET https://firebase.googleapis.com/v1beta1/projects/reportify-3adb0 {"projectId":"reportify-3adb0","projectNumber":"679219551142","displayName":"reportify","name":"projects/reportify-3adb0","resources":{"hostingSite":"reportify-3adb0"},"state":"ACTIVE","etag":"1_41a6f05f-5642-4219-b265-1cd053010e89"}
[debug] [2026-02-26T10:46:16.941Z] Checked if tokens are valid: true, expires at: 1772104293522
[debug] [2026-02-26T10:46:16.941Z] Checked if tokens are valid: true, expires at: 1772104293522
[debug] [2026-02-26T10:46:16.941Z] >>> [apiv2][query] GET https://firebasehosting.googleapis.com/v1beta1/projects/reportify-3adb0/sites pageToken=&pageSize=10
[debug] [2026-02-26T10:46:19.047Z] <<< [apiv2][status] GET https://firebasehosting.googleapis.com/v1beta1/projects/reportify-3adb0/sites 200
[debug] [2026-02-26T10:46:19.047Z] <<< [apiv2][body] GET https://firebasehosting.googleapis.com/v1beta1/projects/reportify-3adb0/sites {"sites":[{"name":"projects/reportify-3adb0/sites/reportify-3adb0","defaultUrl":"https://reportify-3adb0.web.app","appId":"1:679219551142:web:a683d352719a99605ccd67","type":"DEFAULT_SITE"}]}
[debug] [2026-02-26T10:46:19.048Z] Checked if tokens are valid: true, expires at: 1772104293522
[debug] [2026-02-26T10:46:19.048Z] Checked if tokens are valid: true, expires at: 1772104293522
[debug] [2026-02-26T10:46:19.048Z] >>> [apiv2][query] GET https://firebase.googleapis.com/v1beta1/projects/-/webApps/1:679219551142:web:a683d352719a99605ccd67/config [none]
[debug] [2026-02-26T10:46:19.866Z] <<< [apiv2][status] GET https://firebase.googleapis.com/v1beta1/projects/-/webApps/1:679219551142:web:a683d352719a99605ccd67/config 200
[debug] [2026-02-26T10:46:19.866Z] <<< [apiv2][body] GET https://firebase.googleapis.com/v1beta1/projects/-/webApps/1:679219551142:web:a683d352719a99605ccd67/config {"projectId":"reportify-3adb0","appId":"1:679219551142:web:a683d352719a99605ccd67","storageBucket":"reportify-3adb0.firebasestorage.app","apiKey":"AIzaSyATCpTFkEztI9QhtocV4YALJpzn6dCfzlk","authDomain":"reportify-3adb0.firebaseapp.com","messagingSenderId":"679219551142","measurementId":"G-92MSV2L0ZQ","projectNumber":"679219551142","version":"2"}
[info] 
   Thank you for trying our early preview of Next.js support on Firebase Hosting.
   During the preview, support is best-effort and breaking changes can be expected. Proceed with caution.
   The integration is known to work with Next.js version 12 - 15.0. You may encounter errors.

   Documentation: https://firebase.google.com/docs/hosting/frameworks/nextjs
   File a bug: https://github.com/firebase/firebase-tools/issues/new?template=bug_report.md
   Submit a feature request: https://github.com/firebase/firebase-tools/issues/new?template=feature_request.md

   We'd love to learn from you. Express your interest in helping us shape the future of Firebase Hosting: https://goo.gle/41enW5X

[debug] [2026-02-26T10:46:26.095Z] Checked if tokens are valid: true, expires at: 1772104293522
[debug] [2026-02-26T10:46:26.095Z] Checked if tokens are valid: true, expires at: 1772104293522
[debug] [2026-02-26T10:46:26.095Z] >>> [apiv2][query] GET https://firebasehosting.googleapis.com/v1beta1/projects/reportify-3adb0/sites/reportify-3adb0 [none]
[debug] [2026-02-26T10:46:27.675Z] <<< [apiv2][status] GET https://firebasehosting.googleapis.com/v1beta1/projects/reportify-3adb0/sites/reportify-3adb0 200
[debug] [2026-02-26T10:46:27.675Z] <<< [apiv2][body] GET https://firebasehosting.googleapis.com/v1beta1/projects/reportify-3adb0/sites/reportify-3adb0 {"name":"projects/reportify-3adb0/sites/reportify-3adb0","defaultUrl":"https://reportify-3adb0.web.app","appId":"1:679219551142:web:a683d352719a99605ccd67","type":"DEFAULT_SITE"}
[info] [baseline-browser-mapping] The data in this module is over two months old.  To ensure accurate Baseline data, please update: `npm i baseline-browser-mapping@latest -D`

[info]    ▲ Next.js 16.0.10 (Turbopack)
   - Environments: .env.local

[info] 

[info]    Creating an optimized production build ...

[info] [baseline-browser-mapping] The data in this module is over two months old.  To ensure accurate Baseline data, please update: `npm i baseline-browser-mapping@latest -D`

[info] Browserslist: browsers data (caniuse-lite) is 12 months old. Please run:
  npx update-browserslist-db@latest
  Why you should do it regularly: https://github.com/browserslist/update-db#readme

[info] 

[info] > Build error occurred
Error: Turbopack build failed with 2 errors:
./src/components/FormElements/InputGroup/index.tsx:3:46
Ecmascript file had an error
  1 | import { ShowpasswordIcon } from "@/assets/icons";
  2 | import { cn } from "@/lib/utils";
> 3 | import { type HTMLInputTypeAttribute, useId, useState } from "react";
    |                                              ^^^^^^^^
  4 |
  5 | type InputGroupProps = {
  6 |   className?: string;

You're importing a component that needs `useState`. This React Hook only works in a Client Component. To fix, mark the file (or its parent) with the `"use client"` directive.

 Learn more: https://nextjs.org/docs/app/api-reference/directives/use-client



Import traces:
  Server Component:
    ./src/components/FormElements/InputGroup/index.tsx
    ./src/app/pages/settings/_components/personal-info.tsx
    ./src/app/pages/settings/page.tsx

  Client Component Browser:
    ./src/components/FormElements/InputGroup/index.tsx [Client Component Browser]
    ./src/components/Auth/SigninWithPassword.tsx [Client Component Browser]
    ./src/components/Auth/SigninWithPassword.tsx [Server Component]
    ./src/components/Auth/Signin/index.tsx [Server Component]
    ./src/app/auth/sign-in/page.tsx [Server Component]

  Client Component SSR:
    ./src/components/FormElements/InputGroup/index.tsx [Client Component SSR]
    ./src/components/Auth/SigninWithPassword.tsx [Client Component SSR]
    ./src/components/Auth/SigninWithPassword.tsx [Server Component]
    ./src/components/Auth/Signin/index.tsx [Server Component]
    ./src/app/auth/sign-in/page.tsx [Server Component]


./src/app/charts/basic-chart/layout.tsx:13:1
Module not found: Can't resolve '../providers'
  11 | import NextTopLoader from "nextjs-toploader";
  12 | import type { PropsWithChildren } from "react";
> 13 | import { Providers } from "../providers";
     | ^^^^^^^^^^^^^^^^^^^^^^^^^^^^^^^^^^^^^^^^^
  14 |
  15 | export const metadata: Metadata = {
  16 |   title: {



https://nextjs.org/docs/messages/module-not-found


    at <unknown> (./src/components/FormElements/InputGroup/index.tsx:3:46)
    at <unknown> (./src/app/charts/basic-chart/layout.tsx:13:1)
    at <unknown> (https://nextjs.org/docs/messages/module-not-found)

[debug] [2026-02-26T10:46:47.865Z] Error: ENOENT: no such file or directory, open 'D:\reportify_fe\.next\server\middleware-manifest.json'
[error] 
[error] Error: An unexpected error has occurred.
[debug] [2026-02-26T10:47:50.632Z] ----------------------------------------------------------------------
[debug] [2026-02-26T10:47:50.634Z] Command:       C:\nvm4w\nodejs\node.exe C:\Users\Yasir\AppData\Roaming\npm\node_modules\firebase-tools\lib\bin\firebase.js deploy
[debug] [2026-02-26T10:47:50.635Z] CLI Version:   14.11.1
[debug] [2026-02-26T10:47:50.635Z] Platform:      win32
[debug] [2026-02-26T10:47:50.635Z] Node Version:  v22.20.0
[debug] [2026-02-26T10:47:50.635Z] Time:          Thu Feb 26 2026 15:47:50 GMT+0500 (Pakistan Standard Time)
[debug] [2026-02-26T10:47:50.635Z] ----------------------------------------------------------------------
[debug] 
[debug] [2026-02-26T10:47:50.861Z] > command requires scopes: ["email","openid","https://www.googleapis.com/auth/cloudplatformprojects.readonly","https://www.googleapis.com/auth/firebase","https://www.googleapis.com/auth/cloud-platform"]
[debug] [2026-02-26T10:47:50.861Z] > authorizing via signed-in user (368yasir@gmail.com)
[debug] [2026-02-26T10:47:50.861Z] [iam] checking project reportify-3adb0 for permissions ["firebase.projects.get","firebasehosting.sites.update"]
[debug] [2026-02-26T10:47:50.862Z] Checked if tokens are valid: true, expires at: 1772104293522
[debug] [2026-02-26T10:47:50.862Z] Checked if tokens are valid: true, expires at: 1772104293522
[debug] [2026-02-26T10:47:50.863Z] >>> [apiv2][query] POST https://cloudresourcemanager.googleapis.com/v1/projects/reportify-3adb0:testIamPermissions [none]
[debug] [2026-02-26T10:47:50.863Z] >>> [apiv2][(partial)header] POST https://cloudresourcemanager.googleapis.com/v1/projects/reportify-3adb0:testIamPermissions x-goog-quota-user=projects/reportify-3adb0
[debug] [2026-02-26T10:47:50.863Z] >>> [apiv2][body] POST https://cloudresourcemanager.googleapis.com/v1/projects/reportify-3adb0:testIamPermissions {"permissions":["firebase.projects.get","firebasehosting.sites.update"]}
[debug] [2026-02-26T10:47:52.390Z] <<< [apiv2][status] POST https://cloudresourcemanager.googleapis.com/v1/projects/reportify-3adb0:testIamPermissions 200
[debug] [2026-02-26T10:47:52.391Z] <<< [apiv2][body] POST https://cloudresourcemanager.googleapis.com/v1/projects/reportify-3adb0:testIamPermissions {"permissions":["firebase.projects.get","firebasehosting.sites.update"]}
[debug] [2026-02-26T10:47:52.391Z] Checked if tokens are valid: true, expires at: 1772104293522
[debug] [2026-02-26T10:47:52.391Z] Checked if tokens are valid: true, expires at: 1772104293522
[debug] [2026-02-26T10:47:52.391Z] >>> [apiv2][query] GET https://firebase.googleapis.com/v1beta1/projects/reportify-3adb0 [none]
[debug] [2026-02-26T10:47:52.986Z] <<< [apiv2][status] GET https://firebase.googleapis.com/v1beta1/projects/reportify-3adb0 200
[debug] [2026-02-26T10:47:52.992Z] <<< [apiv2][body] GET https://firebase.googleapis.com/v1beta1/projects/reportify-3adb0 {"projectId":"reportify-3adb0","projectNumber":"679219551142","displayName":"reportify","name":"projects/reportify-3adb0","resources":{"hostingSite":"reportify-3adb0"},"state":"ACTIVE","etag":"1_41a6f05f-5642-4219-b265-1cd053010e89"}
[debug] [2026-02-26T10:47:56.224Z] Checked if tokens are valid: true, expires at: 1772104293522
[debug] [2026-02-26T10:47:56.224Z] Checked if tokens are valid: true, expires at: 1772104293522
[debug] [2026-02-26T10:47:56.224Z] >>> [apiv2][query] GET https://firebasehosting.googleapis.com/v1beta1/projects/reportify-3adb0/sites pageToken=&pageSize=10
[debug] [2026-02-26T10:47:57.969Z] <<< [apiv2][status] GET https://firebasehosting.googleapis.com/v1beta1/projects/reportify-3adb0/sites 200
[debug] [2026-02-26T10:47:57.969Z] <<< [apiv2][body] GET https://firebasehosting.googleapis.com/v1beta1/projects/reportify-3adb0/sites {"sites":[{"name":"projects/reportify-3adb0/sites/reportify-3adb0","defaultUrl":"https://reportify-3adb0.web.app","appId":"1:679219551142:web:a683d352719a99605ccd67","type":"DEFAULT_SITE"}]}
[debug] [2026-02-26T10:47:57.970Z] Checked if tokens are valid: true, expires at: 1772104293522
[debug] [2026-02-26T10:47:57.970Z] Checked if tokens are valid: true, expires at: 1772104293522
[debug] [2026-02-26T10:47:57.970Z] >>> [apiv2][query] GET https://firebase.googleapis.com/v1beta1/projects/-/webApps/1:679219551142:web:a683d352719a99605ccd67/config [none]
[debug] [2026-02-26T10:47:58.521Z] <<< [apiv2][status] GET https://firebase.googleapis.com/v1beta1/projects/-/webApps/1:679219551142:web:a683d352719a99605ccd67/config 200
[debug] [2026-02-26T10:47:58.521Z] <<< [apiv2][body] GET https://firebase.googleapis.com/v1beta1/projects/-/webApps/1:679219551142:web:a683d352719a99605ccd67/config {"projectId":"reportify-3adb0","appId":"1:679219551142:web:a683d352719a99605ccd67","storageBucket":"reportify-3adb0.firebasestorage.app","apiKey":"AIzaSyATCpTFkEztI9QhtocV4YALJpzn6dCfzlk","authDomain":"reportify-3adb0.firebaseapp.com","messagingSenderId":"679219551142","measurementId":"G-92MSV2L0ZQ","projectNumber":"679219551142","version":"2"}
[info] 
   Thank you for trying our early preview of Next.js support on Firebase Hosting.
   During the preview, support is best-effort and breaking changes can be expected. Proceed with caution.
   The integration is known to work with Next.js version 12 - 15.0. You may encounter errors.

   Documentation: https://firebase.google.com/docs/hosting/frameworks/nextjs
   File a bug: https://github.com/firebase/firebase-tools/issues/new?template=bug_report.md
   Submit a feature request: https://github.com/firebase/firebase-tools/issues/new?template=feature_request.md

   We'd love to learn from you. Express your interest in helping us shape the future of Firebase Hosting: https://goo.gle/41enW5X

[debug] [2026-02-26T10:48:05.312Z] Checked if tokens are valid: true, expires at: 1772104293522
[debug] [2026-02-26T10:48:05.312Z] Checked if tokens are valid: true, expires at: 1772104293522
[debug] [2026-02-26T10:48:05.312Z] >>> [apiv2][query] GET https://firebasehosting.googleapis.com/v1beta1/projects/reportify-3adb0/sites/reportify-3adb0 [none]
[debug] [2026-02-26T10:48:06.909Z] <<< [apiv2][status] GET https://firebasehosting.googleapis.com/v1beta1/projects/reportify-3adb0/sites/reportify-3adb0 200
[debug] [2026-02-26T10:48:06.909Z] <<< [apiv2][body] GET https://firebasehosting.googleapis.com/v1beta1/projects/reportify-3adb0/sites/reportify-3adb0 {"name":"projects/reportify-3adb0/sites/reportify-3adb0","defaultUrl":"https://reportify-3adb0.web.app","appId":"1:679219551142:web:a683d352719a99605ccd67","type":"DEFAULT_SITE"}
[info] [baseline-browser-mapping] The data in this module is over two months old.  To ensure accurate Baseline data, please update: `npm i baseline-browser-mapping@latest -D`

[info]    ▲ Next.js 16.0.10 (Turbopack)

[info]    - Environments: .env.local


[info]    Creating an optimized production build ...

[info] [baseline-browser-mapping] The data in this module is over two months old.  To ensure accurate Baseline data, please update: `npm i baseline-browser-mapping@latest -D`

[info] Browserslist: browsers data (caniuse-lite) is 12 months old. Please run:
  npx update-browserslist-db@latest
  Why you should do it regularly: https://github.com/browserslist/update-db#readme

[info] 

[info] > Build error occurred
Error: Turbopack build failed with 1 errors:
./src/components/FormElements/InputGroup/index.tsx:3:46
Ecmascript file had an error
  1 | import { ShowpasswordIcon } from "@/assets/icons";
  2 | import { cn } from "@/lib/utils";
> 3 | import { type HTMLInputTypeAttribute, useId, useState } from "react";
    |                                              ^^^^^^^^
  4 |
  5 | type InputGroupProps = {
  6 |   className?: string;

You're importing a component that needs `useState`. This React Hook only works in a Client Component. To fix, mark the file (or its parent) with the `"use client"` directive.

 Learn more: https://nextjs.org/docs/app/api-reference/directives/use-client



Import traces:
  Server Component:
    ./src/components/FormElements/InputGroup/index.tsx
    ./src/app/pages/settings/_components/personal-info.tsx
    ./src/app/pages/settings/page.tsx

  Client Component Browser:
    ./src/components/FormElements/InputGroup/index.tsx [Client Component Browser]
    ./src/components/Auth/SigninWithPassword.tsx [Client Component Browser]
    ./src/components/Auth/SigninWithPassword.tsx [Server Component]
    ./src/components/Auth/Signin/index.tsx [Server Component]
    ./src/app/auth/sign-in/page.tsx [Server Component]

  Client Component SSR:
    ./src/components/FormElements/InputGroup/index.tsx [Client Component SSR]
    ./src/components/Auth/SigninWithPassword.tsx [Client Component SSR]
    ./src/components/Auth/SigninWithPassword.tsx [Server Component]
    ./src/components/Auth/Signin/index.tsx [Server Component]
    ./src/app/auth/sign-in/page.tsx [Server Component]


    at <unknown> (./src/components/FormElements/InputGroup/index.tsx:3:46)

[debug] [2026-02-26T10:48:26.525Z] Error: ENOENT: no such file or directory, open 'D:\reportify_fe\.next\server\middleware-manifest.json'
[error] 
[error] Error: An unexpected error has occurred.
[debug] [2026-02-26T10:51:21.657Z] ----------------------------------------------------------------------
[debug] [2026-02-26T10:51:21.663Z] Command:       C:\nvm4w\nodejs\node.exe C:\Users\Yasir\AppData\Roaming\npm\node_modules\firebase-tools\lib\bin\firebase.js deploy
[debug] [2026-02-26T10:51:21.664Z] CLI Version:   14.11.1
[debug] [2026-02-26T10:51:21.664Z] Platform:      win32
[debug] [2026-02-26T10:51:21.664Z] Node Version:  v22.20.0
[debug] [2026-02-26T10:51:21.665Z] Time:          Thu Feb 26 2026 15:51:21 GMT+0500 (Pakistan Standard Time)
[debug] [2026-02-26T10:51:21.665Z] ----------------------------------------------------------------------
[debug] 
[debug] [2026-02-26T10:51:22.188Z] > command requires scopes: ["email","openid","https://www.googleapis.com/auth/cloudplatformprojects.readonly","https://www.googleapis.com/auth/firebase","https://www.googleapis.com/auth/cloud-platform"]
[debug] [2026-02-26T10:51:22.189Z] > authorizing via signed-in user (368yasir@gmail.com)
[debug] [2026-02-26T10:51:22.189Z] [iam] checking project reportify-3adb0 for permissions ["firebase.projects.get","firebasehosting.sites.update"]
[debug] [2026-02-26T10:51:22.192Z] Checked if tokens are valid: true, expires at: 1772104293522
[debug] [2026-02-26T10:51:22.192Z] Checked if tokens are valid: true, expires at: 1772104293522
[debug] [2026-02-26T10:51:22.194Z] >>> [apiv2][query] POST https://cloudresourcemanager.googleapis.com/v1/projects/reportify-3adb0:testIamPermissions [none]
[debug] [2026-02-26T10:51:22.194Z] >>> [apiv2][(partial)header] POST https://cloudresourcemanager.googleapis.com/v1/projects/reportify-3adb0:testIamPermissions x-goog-quota-user=projects/reportify-3adb0
[debug] [2026-02-26T10:51:22.194Z] >>> [apiv2][body] POST https://cloudresourcemanager.googleapis.com/v1/projects/reportify-3adb0:testIamPermissions {"permissions":["firebase.projects.get","firebasehosting.sites.update"]}
[debug] [2026-02-26T10:51:23.770Z] <<< [apiv2][status] POST https://cloudresourcemanager.googleapis.com/v1/projects/reportify-3adb0:testIamPermissions 200
[debug] [2026-02-26T10:51:23.771Z] <<< [apiv2][body] POST https://cloudresourcemanager.googleapis.com/v1/projects/reportify-3adb0:testIamPermissions {"permissions":["firebase.projects.get","firebasehosting.sites.update"]}
[debug] [2026-02-26T10:51:23.772Z] Checked if tokens are valid: true, expires at: 1772104293522
[debug] [2026-02-26T10:51:23.772Z] Checked if tokens are valid: true, expires at: 1772104293522
[debug] [2026-02-26T10:51:23.772Z] >>> [apiv2][query] GET https://firebase.googleapis.com/v1beta1/projects/reportify-3adb0 [none]
[debug] [2026-02-26T10:51:24.373Z] <<< [apiv2][status] GET https://firebase.googleapis.com/v1beta1/projects/reportify-3adb0 200
[debug] [2026-02-26T10:51:24.373Z] <<< [apiv2][body] GET https://firebase.googleapis.com/v1beta1/projects/reportify-3adb0 {"projectId":"reportify-3adb0","projectNumber":"679219551142","displayName":"reportify","name":"projects/reportify-3adb0","resources":{"hostingSite":"reportify-3adb0"},"state":"ACTIVE","etag":"1_41a6f05f-5642-4219-b265-1cd053010e89"}
[debug] [2026-02-26T10:51:29.839Z] Checked if tokens are valid: true, expires at: 1772104293522
[debug] [2026-02-26T10:51:29.840Z] Checked if tokens are valid: true, expires at: 1772104293522
[debug] [2026-02-26T10:51:29.840Z] >>> [apiv2][query] GET https://firebasehosting.googleapis.com/v1beta1/projects/reportify-3adb0/sites pageToken=&pageSize=10
[debug] [2026-02-26T10:51:31.800Z] <<< [apiv2][status] GET https://firebasehosting.googleapis.com/v1beta1/projects/reportify-3adb0/sites 200
[debug] [2026-02-26T10:51:31.801Z] <<< [apiv2][body] GET https://firebasehosting.googleapis.com/v1beta1/projects/reportify-3adb0/sites {"sites":[{"name":"projects/reportify-3adb0/sites/reportify-3adb0","defaultUrl":"https://reportify-3adb0.web.app","appId":"1:679219551142:web:a683d352719a99605ccd67","type":"DEFAULT_SITE"}]}
[debug] [2026-02-26T10:51:31.801Z] Checked if tokens are valid: true, expires at: 1772104293522
[debug] [2026-02-26T10:51:31.801Z] Checked if tokens are valid: true, expires at: 1772104293522
[debug] [2026-02-26T10:51:31.802Z] >>> [apiv2][query] GET https://firebase.googleapis.com/v1beta1/projects/-/webApps/1:679219551142:web:a683d352719a99605ccd67/config [none]
[debug] [2026-02-26T10:51:32.915Z] <<< [apiv2][status] GET https://firebase.googleapis.com/v1beta1/projects/-/webApps/1:679219551142:web:a683d352719a99605ccd67/config 200
[debug] [2026-02-26T10:51:32.915Z] <<< [apiv2][body] GET https://firebase.googleapis.com/v1beta1/projects/-/webApps/1:679219551142:web:a683d352719a99605ccd67/config {"projectId":"reportify-3adb0","appId":"1:679219551142:web:a683d352719a99605ccd67","storageBucket":"reportify-3adb0.firebasestorage.app","apiKey":"AIzaSyATCpTFkEztI9QhtocV4YALJpzn6dCfzlk","authDomain":"reportify-3adb0.firebaseapp.com","messagingSenderId":"679219551142","measurementId":"G-92MSV2L0ZQ","projectNumber":"679219551142","version":"2"}
[info] 
   Thank you for trying our early preview of Next.js support on Firebase Hosting.
   During the preview, support is best-effort and breaking changes can be expected. Proceed with caution.
   The integration is known to work with Next.js version 12 - 15.0. You may encounter errors.

   Documentation: https://firebase.google.com/docs/hosting/frameworks/nextjs
   File a bug: https://github.com/firebase/firebase-tools/issues/new?template=bug_report.md
   Submit a feature request: https://github.com/firebase/firebase-tools/issues/new?template=feature_request.md

   We'd love to learn from you. Express your interest in helping us shape the future of Firebase Hosting: https://goo.gle/41enW5X

[debug] [2026-02-26T10:51:45.192Z] Checked if tokens are valid: true, expires at: 1772104293522
[debug] [2026-02-26T10:51:45.192Z] Checked if tokens are valid: true, expires at: 1772104293522
[debug] [2026-02-26T10:51:45.192Z] >>> [apiv2][query] GET https://firebasehosting.googleapis.com/v1beta1/projects/reportify-3adb0/sites/reportify-3adb0 [none]
[debug] [2026-02-26T10:51:46.680Z] <<< [apiv2][status] GET https://firebasehosting.googleapis.com/v1beta1/projects/reportify-3adb0/sites/reportify-3adb0 200
[debug] [2026-02-26T10:51:46.680Z] <<< [apiv2][body] GET https://firebasehosting.googleapis.com/v1beta1/projects/reportify-3adb0/sites/reportify-3adb0 {"name":"projects/reportify-3adb0/sites/reportify-3adb0","defaultUrl":"https://reportify-3adb0.web.app","appId":"1:679219551142:web:a683d352719a99605ccd67","type":"DEFAULT_SITE"}
[info] [baseline-browser-mapping] The data in this module is over two months old.  To ensure accurate Baseline data, please update: `npm i baseline-browser-mapping@latest -D`

[info]    ▲ Next.js 16.0.10 (Turbopack)

[info]    - Environments: .env.local


[info]    Creating an optimized production build ...

[info] [baseline-browser-mapping] The data in this module is over two months old.  To ensure accurate Baseline data, please update: `npm i baseline-browser-mapping@latest -D`

[info] Browserslist: browsers data (caniuse-lite) is 12 months old. Please run:
  npx update-browserslist-db@latest
  Why you should do it regularly: https://github.com/browserslist/update-db#readme

[info]  ✓ Compiled successfully in 13.2s

[info]    Running TypeScript ...

[info] Failed to compile.


[info] ./src/app/charts/basic-chart/layout.tsx:53:21
Type error: Parameter 'val' implicitly has an 'any' type.

  51 |       categories: educationLevels,
  52 |       labels: {
> 53 |         formatter: (val, index) => educationLevels[index],
     |                     ^
  54 |         style: { colors: "#000" },
  55 |       },
  56 |       title: { text: "Value" },

[info] Next.js build worker exited with code: 1 and signal: null

[debug] [2026-02-26T10:52:21.799Z] Error: ENOENT: no such file or directory, open 'D:\reportify_fe\.next\export-marker.json'
[error] 
[error] Error: An unexpected error has occurred.
[debug] [2026-02-26T10:56:48.312Z] ----------------------------------------------------------------------
[debug] [2026-02-26T10:56:48.316Z] Command:       C:\nvm4w\nodejs\node.exe C:\Users\Yasir\AppData\Roaming\npm\node_modules\firebase-tools\lib\bin\firebase.js deploy
[debug] [2026-02-26T10:56:48.316Z] CLI Version:   14.11.1
[debug] [2026-02-26T10:56:48.317Z] Platform:      win32
[debug] [2026-02-26T10:56:48.317Z] Node Version:  v22.20.0
[debug] [2026-02-26T10:56:48.317Z] Time:          Thu Feb 26 2026 15:56:48 GMT+0500 (Pakistan Standard Time)
[debug] [2026-02-26T10:56:48.318Z] ----------------------------------------------------------------------
[debug] 
[debug] [2026-02-26T10:56:48.695Z] > command requires scopes: ["email","openid","https://www.googleapis.com/auth/cloudplatformprojects.readonly","https://www.googleapis.com/auth/firebase","https://www.googleapis.com/auth/cloud-platform"]
[debug] [2026-02-26T10:56:48.695Z] > authorizing via signed-in user (368yasir@gmail.com)
[debug] [2026-02-26T10:56:48.696Z] [iam] checking project reportify-3adb0 for permissions ["firebase.projects.get","firebasehosting.sites.update"]
[debug] [2026-02-26T10:56:48.697Z] Checked if tokens are valid: false, expires at: 1772104293522
[debug] [2026-02-26T10:56:48.697Z] Checked if tokens are valid: false, expires at: 1772104293522
[debug] [2026-02-26T10:56:48.698Z] > refreshing access token with scopes: []
[debug] [2026-02-26T10:56:48.701Z] >>> [apiv2][query] POST https://www.googleapis.com/oauth2/v3/token [none]
[debug] [2026-02-26T10:56:48.701Z] >>> [apiv2][body] POST https://www.googleapis.com/oauth2/v3/token [omitted]
[debug] [2026-02-26T10:56:49.184Z] <<< [apiv2][status] POST https://www.googleapis.com/oauth2/v3/token 200
[debug] [2026-02-26T10:56:49.184Z] <<< [apiv2][body] POST https://www.googleapis.com/oauth2/v3/token [omitted]
[debug] [2026-02-26T10:56:49.222Z] >>> [apiv2][query] POST https://cloudresourcemanager.googleapis.com/v1/projects/reportify-3adb0:testIamPermissions [none]
[debug] [2026-02-26T10:56:49.223Z] >>> [apiv2][(partial)header] POST https://cloudresourcemanager.googleapis.com/v1/projects/reportify-3adb0:testIamPermissions x-goog-quota-user=projects/reportify-3adb0
[debug] [2026-02-26T10:56:49.223Z] >>> [apiv2][body] POST https://cloudresourcemanager.googleapis.com/v1/projects/reportify-3adb0:testIamPermissions {"permissions":["firebase.projects.get","firebasehosting.sites.update"]}
[debug] [2026-02-26T10:56:50.739Z] <<< [apiv2][status] POST https://cloudresourcemanager.googleapis.com/v1/projects/reportify-3adb0:testIamPermissions 200
[debug] [2026-02-26T10:56:50.739Z] <<< [apiv2][body] POST https://cloudresourcemanager.googleapis.com/v1/projects/reportify-3adb0:testIamPermissions {"permissions":["firebase.projects.get","firebasehosting.sites.update"]}
[debug] [2026-02-26T10:56:50.740Z] Checked if tokens are valid: true, expires at: 1772107008184
[debug] [2026-02-26T10:56:50.740Z] Checked if tokens are valid: true, expires at: 1772107008184
[debug] [2026-02-26T10:56:50.741Z] >>> [apiv2][query] GET https://firebase.googleapis.com/v1beta1/projects/reportify-3adb0 [none]
[debug] [2026-02-26T10:56:51.350Z] <<< [apiv2][status] GET https://firebase.googleapis.com/v1beta1/projects/reportify-3adb0 200
[debug] [2026-02-26T10:56:51.351Z] <<< [apiv2][body] GET https://firebase.googleapis.com/v1beta1/projects/reportify-3adb0 {"projectId":"reportify-3adb0","projectNumber":"679219551142","displayName":"reportify","name":"projects/reportify-3adb0","resources":{"hostingSite":"reportify-3adb0"},"state":"ACTIVE","etag":"1_41a6f05f-5642-4219-b265-1cd053010e89"}
[debug] [2026-02-26T10:56:57.846Z] Checked if tokens are valid: true, expires at: 1772107008184
[debug] [2026-02-26T10:56:57.846Z] Checked if tokens are valid: true, expires at: 1772107008184
[debug] [2026-02-26T10:56:57.846Z] >>> [apiv2][query] GET https://firebasehosting.googleapis.com/v1beta1/projects/reportify-3adb0/sites pageToken=&pageSize=10
[debug] [2026-02-26T10:56:59.806Z] <<< [apiv2][status] GET https://firebasehosting.googleapis.com/v1beta1/projects/reportify-3adb0/sites 200
[debug] [2026-02-26T10:56:59.806Z] <<< [apiv2][body] GET https://firebasehosting.googleapis.com/v1beta1/projects/reportify-3adb0/sites {"sites":[{"name":"projects/reportify-3adb0/sites/reportify-3adb0","defaultUrl":"https://reportify-3adb0.web.app","appId":"1:679219551142:web:a683d352719a99605ccd67","type":"DEFAULT_SITE"}]}
[debug] [2026-02-26T10:56:59.806Z] Checked if tokens are valid: true, expires at: 1772107008184
[debug] [2026-02-26T10:56:59.807Z] Checked if tokens are valid: true, expires at: 1772107008184
[debug] [2026-02-26T10:56:59.807Z] >>> [apiv2][query] GET https://firebase.googleapis.com/v1beta1/projects/-/webApps/1:679219551142:web:a683d352719a99605ccd67/config [none]
[debug] [2026-02-26T10:57:00.972Z] <<< [apiv2][status] GET https://firebase.googleapis.com/v1beta1/projects/-/webApps/1:679219551142:web:a683d352719a99605ccd67/config 200
[debug] [2026-02-26T10:57:00.973Z] <<< [apiv2][body] GET https://firebase.googleapis.com/v1beta1/projects/-/webApps/1:679219551142:web:a683d352719a99605ccd67/config {"projectId":"reportify-3adb0","appId":"1:679219551142:web:a683d352719a99605ccd67","storageBucket":"reportify-3adb0.firebasestorage.app","apiKey":"AIzaSyATCpTFkEztI9QhtocV4YALJpzn6dCfzlk","authDomain":"reportify-3adb0.firebaseapp.com","messagingSenderId":"679219551142","measurementId":"G-92MSV2L0ZQ","projectNumber":"679219551142","version":"2"}
[info] 
   Thank you for trying our early preview of Next.js support on Firebase Hosting.
   During the preview, support is best-effort and breaking changes can be expected. Proceed with caution.
   The integration is known to work with Next.js version 12 - 15.0. You may encounter errors.

   Documentation: https://firebase.google.com/docs/hosting/frameworks/nextjs
   File a bug: https://github.com/firebase/firebase-tools/issues/new?template=bug_report.md
   Submit a feature request: https://github.com/firebase/firebase-tools/issues/new?template=feature_request.md

   We'd love to learn from you. Express your interest in helping us shape the future of Firebase Hosting: https://goo.gle/41enW5X

[debug] [2026-02-26T10:57:16.808Z] Checked if tokens are valid: true, expires at: 1772107008184
[debug] [2026-02-26T10:57:16.808Z] Checked if tokens are valid: true, expires at: 1772107008184
[debug] [2026-02-26T10:57:16.809Z] >>> [apiv2][query] GET https://firebasehosting.googleapis.com/v1beta1/projects/reportify-3adb0/sites/reportify-3adb0 [none]
[debug] [2026-02-26T10:57:18.312Z] <<< [apiv2][status] GET https://firebasehosting.googleapis.com/v1beta1/projects/reportify-3adb0/sites/reportify-3adb0 200
[debug] [2026-02-26T10:57:18.313Z] <<< [apiv2][body] GET https://firebasehosting.googleapis.com/v1beta1/projects/reportify-3adb0/sites/reportify-3adb0 {"name":"projects/reportify-3adb0/sites/reportify-3adb0","defaultUrl":"https://reportify-3adb0.web.app","appId":"1:679219551142:web:a683d352719a99605ccd67","type":"DEFAULT_SITE"}
[info] [baseline-browser-mapping] The data in this module is over two months old.  To ensure accurate Baseline data, please update: `npm i baseline-browser-mapping@latest -D`

[info]    ▲ Next.js 16.0.10 (Turbopack)

[info]    - Environments: .env.local


[info]    Creating an optimized production build ...

[info] [baseline-browser-mapping] The data in this module is over two months old.  To ensure accurate Baseline data, please update: `npm i baseline-browser-mapping@latest -D`

[info] Browserslist: browsers data (caniuse-lite) is 12 months old. Please run:
  npx update-browserslist-db@latest
  Why you should do it regularly: https://github.com/browserslist/update-db#readme

[info]  ✓ Compiled successfully in 18.8s

[info]    Running TypeScript ...

[info] Failed to compile.


[info] ./src/app/charts/basic-chart/layout.tsx:149:16
Type error: Type '{ chart: { type: string; height: number; toolbar: { show: boolean; }; }; theme: { mode: string; }; xaxis: { categories: string[]; title: { text: string; }; labels: { style: { colors: string; }; }; }; yaxis: { categories: string[]; labels: { ...; }; title: { ...; }; }; stroke: { ...; }; tooltip: { ...; }; }' is not assignable to type 'ApexOptions'.
  The types of 'chart.type' are incompatible between these types.
    Type 'string' is not assignable to type '"line" | "area" | "bar" | "pie" | "donut" | "radialBar" | "scatter" | "bubble" | "heatmap" | "candlestick" | "boxPlot" | "radar" | "polarArea" | "rangeBar" | "rangeArea" | "treemap" | undefined'.

  147 |
  148 |       <div className="bg-white dark:bg-gray-800 p-4 rounded shadow">
> 149 |         <Chart options={chartOptions} series={series} type="line" height={400} />
      |                ^
  150 |       </div>
  151 |     </div>
  152 |   );

[info] Next.js build worker exited with code: 1 and signal: null

[debug] [2026-02-26T10:57:56.238Z] Error: ENOENT: no such file or directory, open 'D:\reportify_fe\.next\export-marker.json'
[error] 
[error] Error: An unexpected error has occurred.
[debug] [2026-02-26T10:59:21.066Z] ----------------------------------------------------------------------
[debug] [2026-02-26T10:59:21.073Z] Command:       C:\nvm4w\nodejs\node.exe C:\Users\Yasir\AppData\Roaming\npm\node_modules\firebase-tools\lib\bin\firebase.js deploy
[debug] [2026-02-26T10:59:21.073Z] CLI Version:   14.11.1
[debug] [2026-02-26T10:59:21.074Z] Platform:      win32
[debug] [2026-02-26T10:59:21.074Z] Node Version:  v22.20.0
[debug] [2026-02-26T10:59:21.075Z] Time:          Thu Feb 26 2026 15:59:21 GMT+0500 (Pakistan Standard Time)
[debug] [2026-02-26T10:59:21.075Z] ----------------------------------------------------------------------
[debug] 
[debug] [2026-02-26T10:59:21.815Z] > command requires scopes: ["email","openid","https://www.googleapis.com/auth/cloudplatformprojects.readonly","https://www.googleapis.com/auth/firebase","https://www.googleapis.com/auth/cloud-platform"]
[debug] [2026-02-26T10:59:21.816Z] > authorizing via signed-in user (368yasir@gmail.com)
[debug] [2026-02-26T10:59:21.817Z] [iam] checking project reportify-3adb0 for permissions ["firebase.projects.get","firebasehosting.sites.update"]
[debug] [2026-02-26T10:59:21.820Z] Checked if tokens are valid: true, expires at: 1772107008184
[debug] [2026-02-26T10:59:21.820Z] Checked if tokens are valid: true, expires at: 1772107008184
[debug] [2026-02-26T10:59:21.823Z] >>> [apiv2][query] POST https://cloudresourcemanager.googleapis.com/v1/projects/reportify-3adb0:testIamPermissions [none]
[debug] [2026-02-26T10:59:21.823Z] >>> [apiv2][(partial)header] POST https://cloudresourcemanager.googleapis.com/v1/projects/reportify-3adb0:testIamPermissions x-goog-quota-user=projects/reportify-3adb0
[debug] [2026-02-26T10:59:21.823Z] >>> [apiv2][body] POST https://cloudresourcemanager.googleapis.com/v1/projects/reportify-3adb0:testIamPermissions {"permissions":["firebase.projects.get","firebasehosting.sites.update"]}
[debug] [2026-02-26T10:59:23.411Z] <<< [apiv2][status] POST https://cloudresourcemanager.googleapis.com/v1/projects/reportify-3adb0:testIamPermissions 200
[debug] [2026-02-26T10:59:23.411Z] <<< [apiv2][body] POST https://cloudresourcemanager.googleapis.com/v1/projects/reportify-3adb0:testIamPermissions {"permissions":["firebase.projects.get","firebasehosting.sites.update"]}
[debug] [2026-02-26T10:59:23.412Z] Checked if tokens are valid: true, expires at: 1772107008184
[debug] [2026-02-26T10:59:23.412Z] Checked if tokens are valid: true, expires at: 1772107008184
[debug] [2026-02-26T10:59:23.413Z] >>> [apiv2][query] GET https://firebase.googleapis.com/v1beta1/projects/reportify-3adb0 [none]
[debug] [2026-02-26T10:59:23.984Z] <<< [apiv2][status] GET https://firebase.googleapis.com/v1beta1/projects/reportify-3adb0 200
[debug] [2026-02-26T10:59:23.984Z] <<< [apiv2][body] GET https://firebase.googleapis.com/v1beta1/projects/reportify-3adb0 {"projectId":"reportify-3adb0","projectNumber":"679219551142","displayName":"reportify","name":"projects/reportify-3adb0","resources":{"hostingSite":"reportify-3adb0"},"state":"ACTIVE","etag":"1_41a6f05f-5642-4219-b265-1cd053010e89"}
[debug] [2026-02-26T10:59:29.814Z] Checked if tokens are valid: true, expires at: 1772107008184
[debug] [2026-02-26T10:59:29.814Z] Checked if tokens are valid: true, expires at: 1772107008184
[debug] [2026-02-26T10:59:29.815Z] >>> [apiv2][query] GET https://firebasehosting.googleapis.com/v1beta1/projects/reportify-3adb0/sites pageToken=&pageSize=10
[debug] [2026-02-26T10:59:31.656Z] <<< [apiv2][status] GET https://firebasehosting.googleapis.com/v1beta1/projects/reportify-3adb0/sites 200
[debug] [2026-02-26T10:59:31.656Z] <<< [apiv2][body] GET https://firebasehosting.googleapis.com/v1beta1/projects/reportify-3adb0/sites {"sites":[{"name":"projects/reportify-3adb0/sites/reportify-3adb0","defaultUrl":"https://reportify-3adb0.web.app","appId":"1:679219551142:web:a683d352719a99605ccd67","type":"DEFAULT_SITE"}]}
[debug] [2026-02-26T10:59:31.657Z] Checked if tokens are valid: true, expires at: 1772107008184
[debug] [2026-02-26T10:59:31.657Z] Checked if tokens are valid: true, expires at: 1772107008184
[debug] [2026-02-26T10:59:31.657Z] >>> [apiv2][query] GET https://firebase.googleapis.com/v1beta1/projects/-/webApps/1:679219551142:web:a683d352719a99605ccd67/config [none]
[debug] [2026-02-26T10:59:32.653Z] <<< [apiv2][status] GET https://firebase.googleapis.com/v1beta1/projects/-/webApps/1:679219551142:web:a683d352719a99605ccd67/config 200
[debug] [2026-02-26T10:59:32.653Z] <<< [apiv2][body] GET https://firebase.googleapis.com/v1beta1/projects/-/webApps/1:679219551142:web:a683d352719a99605ccd67/config {"projectId":"reportify-3adb0","appId":"1:679219551142:web:a683d352719a99605ccd67","storageBucket":"reportify-3adb0.firebasestorage.app","apiKey":"AIzaSyATCpTFkEztI9QhtocV4YALJpzn6dCfzlk","authDomain":"reportify-3adb0.firebaseapp.com","messagingSenderId":"679219551142","measurementId":"G-92MSV2L0ZQ","projectNumber":"679219551142","version":"2"}
[info] 
   Thank you for trying our early preview of Next.js support on Firebase Hosting.
   During the preview, support is best-effort and breaking changes can be expected. Proceed with caution.
   The integration is known to work with Next.js version 12 - 15.0. You may encounter errors.

   Documentation: https://firebase.google.com/docs/hosting/frameworks/nextjs
   File a bug: https://github.com/firebase/firebase-tools/issues/new?template=bug_report.md
   Submit a feature request: https://github.com/firebase/firebase-tools/issues/new?template=feature_request.md

   We'd love to learn from you. Express your interest in helping us shape the future of Firebase Hosting: https://goo.gle/41enW5X

[debug] [2026-02-26T10:59:52.356Z] Checked if tokens are valid: true, expires at: 1772107008184
[debug] [2026-02-26T10:59:52.356Z] Checked if tokens are valid: true, expires at: 1772107008184
[debug] [2026-02-26T10:59:52.357Z] >>> [apiv2][query] GET https://firebasehosting.googleapis.com/v1beta1/projects/reportify-3adb0/sites/reportify-3adb0 [none]
[debug] [2026-02-26T10:59:53.924Z] <<< [apiv2][status] GET https://firebasehosting.googleapis.com/v1beta1/projects/reportify-3adb0/sites/reportify-3adb0 200
[debug] [2026-02-26T10:59:53.924Z] <<< [apiv2][body] GET https://firebasehosting.googleapis.com/v1beta1/projects/reportify-3adb0/sites/reportify-3adb0 {"name":"projects/reportify-3adb0/sites/reportify-3adb0","defaultUrl":"https://reportify-3adb0.web.app","appId":"1:679219551142:web:a683d352719a99605ccd67","type":"DEFAULT_SITE"}
[info] [baseline-browser-mapping] The data in this module is over two months old.  To ensure accurate Baseline data, please update: `npm i baseline-browser-mapping@latest -D`

[info]    ▲ Next.js 16.0.10 (Turbopack)

[info]    - Environments: .env.local


[info]    Creating an optimized production build ...

[info] [baseline-browser-mapping] The data in this module is over two months old.  To ensure accurate Baseline data, please update: `npm i baseline-browser-mapping@latest -D`

[info] Browserslist: browsers data (caniuse-lite) is 12 months old. Please run:
  npx update-browserslist-db@latest
  Why you should do it regularly: https://github.com/browserslist/update-db#readme

[info]  ✓ Compiled successfully in 19.0s

[info]    Running TypeScript ...

[info] Failed to compile.


[info] ./src/app/reports/charts/_components/charts.tsx:42:17
Type error: Argument of type 'number[]' is not assignable to parameter of type 'SetStateAction<never[]>'.
  Type 'number[]' is not assignable to type 'never[]'.
    Type 'number' is not assignable to type 'never'.

  40 |     if (isRadial) {
  41 |       // Pie/Donut: Series is [10, 20, 30]
> 42 |       setSeries(rawData);
     |                 ^
  43 |       setChartOptions(prev => ({
  44 |         ...prev,
  45 |         labels: educationLevels,

[info] Next.js build worker exited with code: 1 and signal: null

[debug] [2026-02-26T11:00:35.046Z] Error: ENOENT: no such file or directory, open 'D:\reportify_fe\.next\export-marker.json'
[error] 
[error] Error: An unexpected error has occurred.
[debug] [2026-02-26T11:02:03.078Z] ----------------------------------------------------------------------
[debug] [2026-02-26T11:02:03.087Z] Command:       C:\nvm4w\nodejs\node.exe C:\Users\Yasir\AppData\Roaming\npm\node_modules\firebase-tools\lib\bin\firebase.js deploy
[debug] [2026-02-26T11:02:03.088Z] CLI Version:   14.11.1
[debug] [2026-02-26T11:02:03.088Z] Platform:      win32
[debug] [2026-02-26T11:02:03.089Z] Node Version:  v22.20.0
[debug] [2026-02-26T11:02:03.090Z] Time:          Thu Feb 26 2026 16:02:03 GMT+0500 (Pakistan Standard Time)
[debug] [2026-02-26T11:02:03.090Z] ----------------------------------------------------------------------
[debug] 
[debug] [2026-02-26T11:02:03.772Z] > command requires scopes: ["email","openid","https://www.googleapis.com/auth/cloudplatformprojects.readonly","https://www.googleapis.com/auth/firebase","https://www.googleapis.com/auth/cloud-platform"]
[debug] [2026-02-26T11:02:03.773Z] > authorizing via signed-in user (368yasir@gmail.com)
[debug] [2026-02-26T11:02:03.774Z] [iam] checking project reportify-3adb0 for permissions ["firebase.projects.get","firebasehosting.sites.update"]
[debug] [2026-02-26T11:02:03.777Z] Checked if tokens are valid: true, expires at: 1772107008184
[debug] [2026-02-26T11:02:03.777Z] Checked if tokens are valid: true, expires at: 1772107008184
[debug] [2026-02-26T11:02:03.780Z] >>> [apiv2][query] POST https://cloudresourcemanager.googleapis.com/v1/projects/reportify-3adb0:testIamPermissions [none]
[debug] [2026-02-26T11:02:03.780Z] >>> [apiv2][(partial)header] POST https://cloudresourcemanager.googleapis.com/v1/projects/reportify-3adb0:testIamPermissions x-goog-quota-user=projects/reportify-3adb0
[debug] [2026-02-26T11:02:03.781Z] >>> [apiv2][body] POST https://cloudresourcemanager.googleapis.com/v1/projects/reportify-3adb0:testIamPermissions {"permissions":["firebase.projects.get","firebasehosting.sites.update"]}
[debug] [2026-02-26T11:02:05.438Z] <<< [apiv2][status] POST https://cloudresourcemanager.googleapis.com/v1/projects/reportify-3adb0:testIamPermissions 200
[debug] [2026-02-26T11:02:05.439Z] <<< [apiv2][body] POST https://cloudresourcemanager.googleapis.com/v1/projects/reportify-3adb0:testIamPermissions {"permissions":["firebase.projects.get","firebasehosting.sites.update"]}
[debug] [2026-02-26T11:02:05.440Z] Checked if tokens are valid: true, expires at: 1772107008184
[debug] [2026-02-26T11:02:05.440Z] Checked if tokens are valid: true, expires at: 1772107008184
[debug] [2026-02-26T11:02:05.441Z] >>> [apiv2][query] GET https://firebase.googleapis.com/v1beta1/projects/reportify-3adb0 [none]
[debug] [2026-02-26T11:02:06.074Z] <<< [apiv2][status] GET https://firebase.googleapis.com/v1beta1/projects/reportify-3adb0 200
[debug] [2026-02-26T11:02:06.074Z] <<< [apiv2][body] GET https://firebase.googleapis.com/v1beta1/projects/reportify-3adb0 {"projectId":"reportify-3adb0","projectNumber":"679219551142","displayName":"reportify","name":"projects/reportify-3adb0","resources":{"hostingSite":"reportify-3adb0"},"state":"ACTIVE","etag":"1_41a6f05f-5642-4219-b265-1cd053010e89"}
[debug] [2026-02-26T11:02:12.171Z] Checked if tokens are valid: true, expires at: 1772107008184
[debug] [2026-02-26T11:02:12.171Z] Checked if tokens are valid: true, expires at: 1772107008184
[debug] [2026-02-26T11:02:12.171Z] >>> [apiv2][query] GET https://firebasehosting.googleapis.com/v1beta1/projects/reportify-3adb0/sites pageToken=&pageSize=10
[debug] [2026-02-26T11:02:14.128Z] <<< [apiv2][status] GET https://firebasehosting.googleapis.com/v1beta1/projects/reportify-3adb0/sites 200
[debug] [2026-02-26T11:02:14.128Z] <<< [apiv2][body] GET https://firebasehosting.googleapis.com/v1beta1/projects/reportify-3adb0/sites {"sites":[{"name":"projects/reportify-3adb0/sites/reportify-3adb0","defaultUrl":"https://reportify-3adb0.web.app","appId":"1:679219551142:web:a683d352719a99605ccd67","type":"DEFAULT_SITE"}]}
[debug] [2026-02-26T11:02:14.129Z] Checked if tokens are valid: true, expires at: 1772107008184
[debug] [2026-02-26T11:02:14.129Z] Checked if tokens are valid: true, expires at: 1772107008184
[debug] [2026-02-26T11:02:14.129Z] >>> [apiv2][query] GET https://firebase.googleapis.com/v1beta1/projects/-/webApps/1:679219551142:web:a683d352719a99605ccd67/config [none]
[debug] [2026-02-26T11:02:15.211Z] <<< [apiv2][status] GET https://firebase.googleapis.com/v1beta1/projects/-/webApps/1:679219551142:web:a683d352719a99605ccd67/config 200
[debug] [2026-02-26T11:02:15.211Z] <<< [apiv2][body] GET https://firebase.googleapis.com/v1beta1/projects/-/webApps/1:679219551142:web:a683d352719a99605ccd67/config {"projectId":"reportify-3adb0","appId":"1:679219551142:web:a683d352719a99605ccd67","storageBucket":"reportify-3adb0.firebasestorage.app","apiKey":"AIzaSyATCpTFkEztI9QhtocV4YALJpzn6dCfzlk","authDomain":"reportify-3adb0.firebaseapp.com","messagingSenderId":"679219551142","measurementId":"G-92MSV2L0ZQ","projectNumber":"679219551142","version":"2"}
[info] 
   Thank you for trying our early preview of Next.js support on Firebase Hosting.
   During the preview, support is best-effort and breaking changes can be expected. Proceed with caution.
   The integration is known to work with Next.js version 12 - 15.0. You may encounter errors.

   Documentation: https://firebase.google.com/docs/hosting/frameworks/nextjs
   File a bug: https://github.com/firebase/firebase-tools/issues/new?template=bug_report.md
   Submit a feature request: https://github.com/firebase/firebase-tools/issues/new?template=feature_request.md

   We'd love to learn from you. Express your interest in helping us shape the future of Firebase Hosting: https://goo.gle/41enW5X

[debug] [2026-02-26T11:02:28.591Z] Checked if tokens are valid: true, expires at: 1772107008184
[debug] [2026-02-26T11:02:28.592Z] Checked if tokens are valid: true, expires at: 1772107008184
[debug] [2026-02-26T11:02:28.592Z] >>> [apiv2][query] GET https://firebasehosting.googleapis.com/v1beta1/projects/reportify-3adb0/sites/reportify-3adb0 [none]
[debug] [2026-02-26T11:02:30.145Z] <<< [apiv2][status] GET https://firebasehosting.googleapis.com/v1beta1/projects/reportify-3adb0/sites/reportify-3adb0 200
[debug] [2026-02-26T11:02:30.146Z] <<< [apiv2][body] GET https://firebasehosting.googleapis.com/v1beta1/projects/reportify-3adb0/sites/reportify-3adb0 {"name":"projects/reportify-3adb0/sites/reportify-3adb0","defaultUrl":"https://reportify-3adb0.web.app","appId":"1:679219551142:web:a683d352719a99605ccd67","type":"DEFAULT_SITE"}
[info] [baseline-browser-mapping] The data in this module is over two months old.  To ensure accurate Baseline data, please update: `npm i baseline-browser-mapping@latest -D`

[info]    ▲ Next.js 16.0.10 (Turbopack)

[info]    - Environments: .env.local


[info]    Creating an optimized production build ...

[info] [baseline-browser-mapping] The data in this module is over two months old.  To ensure accurate Baseline data, please update: `npm i baseline-browser-mapping@latest -D`

[info] Browserslist: browsers data (caniuse-lite) is 12 months old. Please run:
  npx update-browserslist-db@latest
  Why you should do it regularly: https://github.com/browserslist/update-db#readme

[info]  ✓ Compiled successfully in 15.8s

[info]    Running TypeScript ...

[info] Failed to compile.


[info] ./src/components/Auth/SigninWithPassword.tsx:92:11
Type error: Type '{ label: string; name: string; withIcon: "check"; minimal: true; radius: "md"; checked: boolean; onChange: (e: ChangeEvent<HTMLInputElement>) => void; }' is not assignable to type 'IntrinsicAttributes & PropsType'.
  Property 'checked' does not exist on type 'IntrinsicAttributes & PropsType'.

  90 |           minimal
  91 |           radius="md"
> 92 |           checked={data.remember} // Changed onChange slightly to maintain sync
     |           ^
  93 |           onChange={(e) =>
  94 |             setData({
  95 |               ...data,

[info] Next.js build worker exited with code: 1 and signal: null

[debug] [2026-02-26T11:03:07.474Z] Error: ENOENT: no such file or directory, open 'D:\reportify_fe\.next\export-marker.json'
[error] 
[error] Error: An unexpected error has occurred.
